[rank: 0] Global seed set to 12345
wandb: Currently logged in as: ziliottofilippodev. Use `wandb login --relogin` to force relogin
wandb: wandb version 0.13.10 is available!  To upgrade, please run:
wandb:  $ pip install wandb --upgrade
wandb: Tracking run with wandb version 0.13.9
wandb: Run data is saved locally in /home/ziliottf/coco/wandb/run-20230216_171819-agnrdx1s
wandb: Run `wandb offline` to turn off syncing.
wandb: Syncing run baseline/FPNvit/small/ssdlite/224-16/50000k
wandb: ⭐️ View project at https://wandb.ai/ziliottofilippodev/COCO
wandb: 🚀 View run at https://wandb.ai/ziliottofilippodev/COCO/runs/agnrdx1s
/home/ziliottf/anaconda3/lib/python3.9/site-packages/pytorch_lightning/loggers/wandb.py:396: UserWarning: There is a wandb run already in progress and newly created instances of `WandbLogger` will reuse this run. If this is not desired, call `wandb.finish()` before instantiating `WandbLogger`.
  rank_zero_warn(
GPU available: True (cuda), used: True
TPU available: False, using: 0 TPU cores
IPU available: False, using: 0 IPUs
HPU available: False, using: 0 HPUs
/home/ziliottf/anaconda3/lib/python3.9/site-packages/pytorch_lightning/callbacks/model_checkpoint.py:601: UserWarning: Checkpoint directory /home/ziliottf/coco/Pl_checkpoints exists and is not empty.
  rank_zero_warn(f"Checkpoint directory {dirpath} exists and is not empty.")
LOCAL_RANK: 0 - CUDA_VISIBLE_DEVICES: [0]
  | Name     | Type                 | Params
--------------------------------------------------
0 | model    | MaskRCNN             | 62.2 M
1 | map_box  | MeanAveragePrecision | 0
2 | map_mask | MeanAveragePrecision | 0
--------------------------------------------------
62.2 M    Trainable params
0         Non-trainable params
62.2 M    Total params
248.711   Total estimated model params size (MB)
SLURM auto-requeueing enabled. Setting signal handlers.
